<?xml version="1.0" encoding="utf-8"?><testsuites name="pytest tests"><testsuite name="pytest" errors="0" failures="0" skipped="0" tests="22" time="2.631" timestamp="2026-04-24T17:27:10.884816+00:00" hostname="agent-env-bea9a608-ed4b-48ae-a697-c99f53194fff"><testcase classname="backend.tests.backend_test.TestHealth" name="test_root" time="0.270" /><testcase classname="backend.tests.backend_test.TestHealth" name="test_health" time="0.051" /><testcase classname="backend.tests.backend_test.TestRooms" name="test_list_rooms" time="0.051" /><testcase classname="backend.tests.backend_test.TestReviews" name="test_list_reviews" time="0.054" /><testcase classname="backend.tests.backend_test.TestAuth" name="test_login_success" time="0.276" /><testcase classname="backend.tests.backend_test.TestAuth" name="test_login_wrong_password" time="0.273" /><testcase classname="backend.tests.backend_test.TestAuth" name="test_me_with_token" time="0.329" /><testcase classname="backend.tests.backend_test.TestAuth" name="test_me_no_token" time="0.169" /><testcase classname="backend.tests.backend_test.TestReservations" name="test_create_basic" time="0.052" /><testcase classname="backend.tests.backend_test.TestReservations" name="test_create_with_extras" time="0.049" /><testcase classname="backend.tests.backend_test.TestReservations" name="test_one_night_fee" time="0.045" /><testcase classname="backend.tests.backend_test.TestReservations" name="test_invalid_dates" time="0.044" /><testcase classname="backend.tests.backend_test.TestReservations" name="test_exceed_capacity" time="0.046" /><testcase classname="backend.tests.backend_test.TestReservations" name="test_list_requires_auth" time="0.152" /><testcase classname="backend.tests.backend_test.TestReservations" name="test_list_with_auth" time="0.050" /><testcase classname="backend.tests.backend_test.TestReservations" name="test_patch_status" time="0.056" /><testcase classname="backend.tests.backend_test.TestReservations" name="test_admin_stats" time="0.057" /><testcase classname="backend.tests.backend_test.TestReservations" name="test_delete" time="0.226" /><testcase classname="backend.tests.backend_test.TestReservations" name="test_cleanup_created" time="0.052" /><testcase classname="backend.tests.backend_test.TestContact" name="test_create_contact" time="0.060" /><testcase classname="backend.tests.backend_test.TestContact" name="test_list_requires_auth" time="0.135" /><testcase classname="backend.tests.backend_test.TestContact" name="test_list_with_auth" time="0.048" /></testsuite></testsuites>